<?xml version="1.0" encoding="UTF-8"?>
<testsuite xmlns:xsi="http://www.w3.org/2001/XMLSchema-instance" xsi:noNamespaceSchemaLocation="https://maven.apache.org/surefire/maven-surefire-plugin/xsd/surefire-test-report-3.0.xsd" version="3.0" name="utils.ValidatorTest" time="0.076" tests="28" errors="0" skipped="0" failures="0">
  <properties>
[...]
</properties>
  <testcase name="isEmailValid_when_wrong_email(String)[1]" classname="utils.ValidatorTest" time="0.019"/>
  <testcase name="isEmailValid_when_wrong_email(String)[2]" classname="utils.ValidatorTest" time="0.0"/>
  <testcase name="isEmailValid_when_wrong_email(String)[3]" classname="utils.ValidatorTest" time="0.001"/>
  <testcase name="isEmailValid_when_wrong_email(String)[4]" classname="utils.ValidatorTest" time="0.001"/>
  <testcase name="isNameValid_when_wrong_name(String)[1]" classname="utils.ValidatorTest" time="0.001"/>
  <testcase name="isNameValid_when_wrong_name(String)[2]" classname="utils.ValidatorTest" time="0.0"/>
  <testcase name="isNameValid_when_wrong_name(String)[3]" classname="utils.ValidatorTest" time="0.0"/>
  <testcase name="isNameValid_when_wrong_name(String)[4]" classname="utils.ValidatorTest" time="0.0"/>
  <testcase name="isNameValid_when_wrong_name(String)[5]" classname="utils.ValidatorTest" time="0.0"/>
  <testcase name="isEmailValid_when_correct_email(String)[1]" classname="utils.ValidatorTest" time="0.001"/>
  <testcase name="isEmailValid_when_correct_email(String)[2]" classname="utils.ValidatorTest" time="0.001"/>
  <testcase name="isEmailValid_when_correct_email(String)[3]" classname="utils.ValidatorTest" time="0.001"/>
  <testcase name="isEmailValid_when_correct_email(String)[4]" classname="utils.ValidatorTest" time="0.0"/>
  <testcase name="isEmailValid_when_correct_email(String)[5]" classname="utils.ValidatorTest" time="0.0"/>
  <testcase name="isEmailValid_when_correct_email(String)[6]" classname="utils.ValidatorTest" time="0.001"/>
  <testcase name="isNameValid_when_correct_name(String)[1]" classname="utils.ValidatorTest" time="0.0"/>
  <testcase name="isNameValid_when_correct_name(String)[2]" classname="utils.ValidatorTest" time="0.0"/>
  <testcase name="isNameValid_when_correct_name(String)[3]" classname="utils.ValidatorTest" time="0.001"/>
  <testcase name="isNameValid_when_correct_name(String)[4]" classname="utils.ValidatorTest" time="0.0"/>
  <testcase name="isNameValid_when_correct_name(String)[5]" classname="utils.ValidatorTest" time="0.0"/>
  <testcase name="isAddressValid_when_correct_address(String)[1]" classname="utils.ValidatorTest" time="0.0"/>
  <testcase name="isAddressValid_when_correct_address(String)[2]" classname="utils.ValidatorTest" time="0.0"/>
  <testcase name="isAddressValid_when_correct_address(String)[3]" classname="utils.ValidatorTest" time="0.001"/>
  <testcase name="isAddressValid_when_correct_address(String)[4]" classname="utils.ValidatorTest" time="0.0"/>
  <testcase name="isAddressValid_when_wrong_address(String)[1]" classname="utils.ValidatorTest" time="0.001"/>
  <testcase name="isAddressValid_when_wrong_address(String)[2]" classname="utils.ValidatorTest" time="0.001"/>
  <testcase name="isAddressValid_when_wrong_address(String)[3]" classname="utils.ValidatorTest" time="0.0"/>
  <testcase name="isAddressValid_when_wrong_address(String)[4]" classname="utils.ValidatorTest" time="0.001"/>
</testsuite>